#
# There is insufficient memory for the Java Runtime Environment to continue.
# Native memory allocation (malloc) failed to allocate 32744 bytes for ChunkPool::allocate
# Possible reasons:
#   The system is out of physical RAM or swap space
#   The process is running with CompressedOops enabled, and the Java Heap may be blocking the growth of the native heap
# Possible solutions:
#   Reduce memory load on the system
#   Increase physical memory or swap space
#   Check if swap backing store is full
#   Decrease Java heap size (-Xmx/-Xms)
#   Decrease number of Java threads
#   Decrease Java thread stack sizes (-Xss)
#   Set larger code cache with -XX:ReservedCodeCacheSize=
#   JVM is running with Unscaled Compressed Oops mode in which the Java heap is
#     placed in the first 4GB address space. The Java Heap base address is the
#     maximum limit for the native heap growth. Please use -XX:HeapBaseMinAddress
#     to set the Java Heap base and to place the Java Heap above 4GB virtual address.
# This output file may be truncated or incomplete.
#
#  Out of Memory Error (./open/src/hotspot/share/memory/arena.cpp:81), pid=56264, tid=49184
#
# JRE version: Java(TM) SE Runtime Environment 18.9 (11.0.13+10) (build 11.0.13+10-LTS-370)
# Java VM: Java HotSpot(TM) 64-Bit Server VM 18.9 (11.0.13+10-LTS-370, mixed mode, tiered, compressed oops, g1 gc, windows-amd64)
# No core dump will be written. Minidumps are not enabled by default on client versions of Windows
#

---------------  S U M M A R Y ------------

Command Line: -Dfile.encoding=UTF-8 br.com.rd.ved.VedApplication

Host: Intel(R) Core(TM) i5-10500H CPU @ 2.50GHz, 12 cores, 7G,  Windows 10 , 64 bit Build 22000 (10.0.22000.675)
Time: Tue May 17 12:04:19 2022 Hora oficial do Brasil elapsed time: 48.747427 seconds (0d 0h 0m 48s)

---------------  T H R E A D  ---------------

Current thread (0x0000015594a69000):  JavaThread "C2 CompilerThread1" daemon [_thread_in_native, id=49184, stack(0x0000005409600000,0x0000005409700000)]


Current CompileTask:
C2:  48747 12362       4       org.springframework.transaction.interceptor.TransactionAspectSupport::createTransactionIfNecessary (102 bytes)

Stack: [0x0000005409600000,0x0000005409700000]
Native frames: (J=compiled Java code, j=interpreted, Vv=VM code, C=native code)
V  [jvm.dll+0x62870a]
V  [jvm.dll+0x761f2f]
V  [jvm.dll+0x7635d9]
V  [jvm.dll+0x763c63]
V  [jvm.dll+0x23d728]
V  [jvm.dll+0xb2b9b]
V  [jvm.dll+0xb2efc]
V  [jvm.dll+0xb2a4b]
V  [jvm.dll+0x608acf]
V  [jvm.dll+0x657f63]
V  [jvm.dll+0x18caad]
V  [jvm.dll+0x1f8362]
V  [jvm.dll+0x1f743d]
V  [jvm.dll+0x177991]
V  [jvm.dll+0x206d84]
V  [jvm.dll+0x204ebb]
V  [jvm.dll+0x727e70]
V  [jvm.dll+0x720a54]
V  [jvm.dll+0x627606]
C  [ucrtbase.dll+0x26c0c]
C  [KERNEL32.DLL+0x154e0]
C  [ntdll.dll+0x485b]


---------------  P R O C E S S  ---------------

Threads class SMR info:
_java_thread_list=0x000001558f458eb0, length=30, elements={
0x00000155fe014800, 0x00000155fe01d800, 0x00000155fe02c000, 0x00000155fe02d000,
0x00000155fe02e000, 0x00000155fe034000, 0x00000155fe9b0800, 0x00000155fe03e000,
0x00000155feb50800, 0x000001559365d800, 0x00000155913e1000, 0x0000015594a6d000,
0x0000015591390000, 0x0000015592576000, 0x0000015592838800, 0x0000015592835800,
0x0000015592839800, 0x000001559283a800, 0x0000015592834800, 0x000001559283b000,
0x0000015592836800, 0x0000015592837000, 0x0000015596b03800, 0x0000015596b02000,
0x0000015596b02800, 0x0000015596b04000, 0x0000015596aff800, 0x0000015596b01000,
0x0000015596afe800, 0x0000015594a69000
}

Java Threads: ( => current thread )
  0x00000155fe014800 JavaThread "Reference Handler" daemon [_thread_blocked, id=46960, stack(0x0000005408c00000,0x0000005408d00000)]
  0x00000155fe01d800 JavaThread "Finalizer" daemon [_thread_blocked, id=20056, stack(0x0000005408d00000,0x0000005408e00000)]
  0x00000155fe02c000 JavaThread "Signal Dispatcher" daemon [_thread_blocked, id=56864, stack(0x0000005408e00000,0x0000005408f00000)]
  0x00000155fe02d000 JavaThread "Attach Listener" daemon [_thread_blocked, id=40232, stack(0x0000005408f00000,0x0000005409000000)]
  0x00000155fe02e000 JavaThread "Service Thread" daemon [_thread_blocked, id=14904, stack(0x0000005409000000,0x0000005409100000)]
  0x00000155fe034000 JavaThread "C2 CompilerThread0" daemon [_thread_in_native, id=56552, stack(0x0000005409100000,0x0000005409200000)]
  0x00000155fe9b0800 JavaThread "C1 CompilerThread0" daemon [_thread_blocked, id=51640, stack(0x0000005409200000,0x0000005409300000)]
  0x00000155fe03e000 JavaThread "Sweeper thread" daemon [_thread_blocked, id=53148, stack(0x0000005409300000,0x0000005409400000)]
  0x00000155feb50800 JavaThread "Common-Cleaner" daemon [_thread_blocked, id=56828, stack(0x0000005409500000,0x0000005409600000)]
  0x000001559365d800 JavaThread "Catalina-utility-1" [_thread_blocked, id=56504, stack(0x0000005409c00000,0x0000005409d00000)]
  0x00000155913e1000 JavaThread "Catalina-utility-2" [_thread_blocked, id=56720, stack(0x000000540a400000,0x000000540a500000)]
  0x0000015594a6d000 JavaThread "container-0" [_thread_blocked, id=49476, stack(0x000000540a500000,0x000000540a600000)]
  0x0000015591390000 JavaThread "mysql-cj-abandoned-connection-cleanup" daemon [_thread_blocked, id=53920, stack(0x000000540a600000,0x000000540a700000)]
  0x0000015592576000 JavaThread "HikariPool-1 housekeeper" daemon [_thread_blocked, id=28100, stack(0x000000540a800000,0x000000540a900000)]
  0x0000015592838800 JavaThread "File Watcher" daemon [_thread_blocked, id=42904, stack(0x000000540ac00000,0x000000540ad00000)]
  0x0000015592835800 JavaThread "Live Reload Server" daemon [_thread_in_native, id=54724, stack(0x000000540ae00000,0x000000540af00000)]
  0x0000015592839800 JavaThread "http-nio-8080-exec-1" daemon [_thread_blocked, id=49004, stack(0x000000540ad00000,0x000000540ae00000)]
  0x000001559283a800 JavaThread "http-nio-8080-exec-2" daemon [_thread_blocked, id=56088, stack(0x000000540af00000,0x000000540b000000)]
  0x0000015592834800 JavaThread "http-nio-8080-exec-3" daemon [_thread_blocked, id=52284, stack(0x000000540b000000,0x000000540b100000)]
  0x000001559283b000 JavaThread "http-nio-8080-exec-4" daemon [_thread_blocked, id=50832, stack(0x000000540b100000,0x000000540b200000)]
  0x0000015592836800 JavaThread "http-nio-8080-exec-5" daemon [_thread_blocked, id=56668, stack(0x000000540b200000,0x000000540b300000)]
  0x0000015592837000 JavaThread "http-nio-8080-exec-6" daemon [_thread_blocked, id=56676, stack(0x000000540b300000,0x000000540b400000)]
  0x0000015596b03800 JavaThread "http-nio-8080-exec-7" daemon [_thread_blocked, id=56644, stack(0x000000540b400000,0x000000540b500000)]
  0x0000015596b02000 JavaThread "http-nio-8080-exec-8" daemon [_thread_blocked, id=56712, stack(0x000000540b500000,0x000000540b600000)]
  0x0000015596b02800 JavaThread "http-nio-8080-exec-9" daemon [_thread_in_Java, id=56724, stack(0x000000540b600000,0x000000540b700000)]
  0x0000015596b04000 JavaThread "http-nio-8080-exec-10" daemon [_thread_blocked, id=56716, stack(0x000000540b700000,0x000000540b800000)]
  0x0000015596aff800 JavaThread "http-nio-8080-Poller" daemon [_thread_in_native, id=56732, stack(0x000000540b800000,0x000000540b900000)]
  0x0000015596b01000 JavaThread "http-nio-8080-Acceptor" daemon [_thread_in_native, id=47468, stack(0x000000540b900000,0x000000540ba00000)]
  0x0000015596afe800 JavaThread "DestroyJavaVM" [_thread_blocked, id=55764, stack(0x0000005408500000,0x0000005408600000)]
=>0x0000015594a69000 JavaThread "C2 CompilerThread1" daemon [_thread_in_native, id=49184, stack(0x0000005409600000,0x0000005409700000)]

Other Threads:
  0x00000155fdff0000 VMThread "VM Thread" [stack: 0x0000005408b00000,0x0000005408c00000] [id=56768]
  0x00000155feb42000 WatcherThread [stack: 0x0000005409400000,0x0000005409500000] [id=43756]
  0x00000155ece5c800 GCTaskThread "GC Thread#0" [stack: 0x0000005408600000,0x0000005408700000] [id=40768]
  0x000001558f0f4800 GCTaskThread "GC Thread#1" [stack: 0x0000005409800000,0x0000005409900000] [id=21664]
  0x00000155ff2f7000 GCTaskThread "GC Thread#2" [stack: 0x0000005409900000,0x0000005409a00000] [id=51796]
  0x000001558f37a000 GCTaskThread "GC Thread#3" [stack: 0x0000005409d00000,0x0000005409e00000] [id=15536]
  0x000001558f520800 GCTaskThread "GC Thread#4" [stack: 0x0000005409e00000,0x0000005409f00000] [id=49328]
  0x000001558f521000 GCTaskThread "GC Thread#5" [stack: 0x0000005409f00000,0x000000540a000000] [id=49992]
  0x000001558f522000 GCTaskThread "GC Thread#6" [stack: 0x000000540a000000,0x000000540a100000] [id=44588]
  0x000001558f614800 GCTaskThread "GC Thread#7" [stack: 0x000000540a100000,0x000000540a200000] [id=57168]
  0x00000155934dc000 GCTaskThread "GC Thread#8" [stack: 0x000000540aa00000,0x000000540ab00000] [id=48408]
  0x00000155910ab800 GCTaskThread "GC Thread#9" [stack: 0x000000540ab00000,0x000000540ac00000] [id=54240]
  0x00000155ece88000 ConcurrentGCThread "G1 Main Marker" [stack: 0x0000005408700000,0x0000005408800000] [id=41368]
  0x00000155ece8b000 ConcurrentGCThread "G1 Conc#0" [stack: 0x0000005408800000,0x0000005408900000] [id=14804]
  0x000001558fa92800 ConcurrentGCThread "G1 Conc#1" [stack: 0x000000540a200000,0x000000540a300000] [id=57068]
  0x000001558f485000 ConcurrentGCThread "G1 Conc#2" [stack: 0x000000540a300000,0x000000540a400000] [id=57304]
  0x00000155ecf1e800 ConcurrentGCThread "G1 Refine#0" [stack: 0x0000005408900000,0x0000005408a00000] [id=56760]
  0x00000155fde5a800 ConcurrentGCThread "G1 Young RemSet Sampling" [stack: 0x0000005408a00000,0x0000005408b00000] [id=32944]

Threads with active compile tasks:
C2 CompilerThread0  48775 12364   !   4       org.apache.catalina.core.StandardWrapperValve::invoke (2665 bytes)
C2 CompilerThread1  48775 12362       4       org.springframework.transaction.interceptor.TransactionAspectSupport::createTransactionIfNecessary (102 bytes)

VM state:not at safepoint (normal execution)

VM Mutex/Monitor currently owned by a thread: None

Heap address: 0x0000000083800000, size: 1992 MB, Compressed Oops mode: 32-bit
Narrow klass base: 0x0000000000000000, Narrow klass shift: 3
Compressed class space size: 1073741824 Address: 0x0000000100000000

Heap:
 garbage-first heap   total 187392K, used 106209K [0x0000000083800000, 0x0000000100000000)
  region size 1024K, 79 young (80896K), 6 survivors (6144K)
 Metaspace       used 74299K, capacity 76357K, committed 76544K, reserved 1116160K
  class space    used 8828K, capacity 9622K, committed 9728K, reserved 1048576K
Heap Regions: E=young(eden), S=young(survivor), O=old, HS=humongous(starts), HC=humongous(continues), CS=collection set, F=free, A=archive, TAMS=top-at-mark-start (previous, next)
|   0|0x0000000083800000, 0x0000000083900000, 0x0000000083900000|100%|HS|  |TAMS 0x0000000083900000, 0x0000000083800000| Complete 
|   1|0x0000000083900000, 0x0000000083a00000, 0x0000000083a00000|100%| O|  |TAMS 0x0000000083a00000, 0x0000000083900000| Untracked 
|   2|0x0000000083a00000, 0x0000000083b00000, 0x0000000083b00000|100%| O|  |TAMS 0x0000000083b00000, 0x0000000083a00000| Untracked 
|   3|0x0000000083b00000, 0x0000000083c00000, 0x0000000083c00000|100%| O|  |TAMS 0x0000000083c00000, 0x0000000083b00000| Untracked 
|   4|0x0000000083c00000, 0x0000000083d00000, 0x0000000083d00000|100%| O|  |TAMS 0x0000000083d00000, 0x0000000083c00000| Untracked 
|   5|0x0000000083d00000, 0x0000000083e00000, 0x0000000083e00000|100%| O|  |TAMS 0x0000000083e00000, 0x0000000083d00000| Untracked 
|   6|0x0000000083e00000, 0x0000000083f00000, 0x0000000083f00000|100%| O|  |TAMS 0x0000000083f00000, 0x0000000083e00000| Untracked 
|   7|0x0000000083f00000, 0x0000000084000000, 0x0000000084000000|100%| O|  |TAMS 0x0000000084000000, 0x0000000083f00000| Untracked 
|   8|0x0000000084000000, 0x0000000084100000, 0x0000000084100000|100%| O|  |TAMS 0x0000000084100000, 0x0000000084000000| Untracked 
|   9|0x0000000084100000, 0x0000000084200000, 0x0000000084200000|100%| O|  |TAMS 0x0000000084200000, 0x0000000084100000| Untracked 
|  10|0x0000000084200000, 0x0000000084300000, 0x0000000084300000|100%| O|  |TAMS 0x0000000084300000, 0x0000000084200000| Untracked 
|  11|0x0000000084300000, 0x0000000084400000, 0x0000000084400000|100%| O|  |TAMS 0x0000000084400000, 0x0000000084300000| Untracked 
|  12|0x0000000084400000, 0x0000000084500000, 0x0000000084500000|100%| O|  |TAMS 0x0000000084500000, 0x0000000084400000| Untracked 
|  13|0x0000000084500000, 0x0000000084600000, 0x0000000084600000|100%| O|  |TAMS 0x0000000084600000, 0x0000000084500000| Untracked 
|  14|0x0000000084600000, 0x0000000084700000, 0x0000000084700000|100%| O|  |TAMS 0x000000008469ba08, 0x0000000084600000| Untracked 
|  15|0x0000000084700000, 0x0000000084800000, 0x0000000084800000|100%| O|  |TAMS 0x0000000084700000, 0x0000000084700000| Untracked 
|  16|0x0000000084800000, 0x0000000084900000, 0x0000000084900000|100%| O|  |TAMS 0x0000000084800000, 0x0000000084800000| Untracked 
|  17|0x0000000084900000, 0x0000000084a00000, 0x0000000084a00000|100%| O|  |TAMS 0x0000000084900000, 0x0000000084900000| Untracked 
|  18|0x0000000084a00000, 0x0000000084b00000, 0x0000000084b00000|100%| O|  |TAMS 0x0000000084a00000, 0x0000000084a00000| Untracked 
|  19|0x0000000084b00000, 0x0000000084c00000, 0x0000000084c00000|100%| O|  |TAMS 0x0000000084b00000, 0x0000000084b00000| Untracked 
|  20|0x0000000084c00000, 0x0000000084d00000, 0x0000000084d00000|100%| O|  |TAMS 0x0000000084c00000, 0x0000000084c00000| Untracked 
|  21|0x0000000084d00000, 0x0000000084e00000, 0x0000000084e00000|100%| O|  |TAMS 0x0000000084d00000, 0x0000000084d00000| Untracked 
|  22|0x0000000084e00000, 0x0000000084f00000, 0x0000000084f00000|100%| O|  |TAMS 0x0000000084e00000, 0x0000000084e00000| Untracked 
|  23|0x0000000084f00000, 0x0000000085000000, 0x0000000085000000|100%| O|  |TAMS 0x0000000084f00000, 0x0000000084f00000| Untracked 
|  24|0x0000000085000000, 0x0000000085100000, 0x0000000085100000|100%| O|  |TAMS 0x0000000085000000, 0x0000000085000000| Untracked 
|  25|0x0000000085100000, 0x00000000851b8400, 0x0000000085200000| 71%| O|  |TAMS 0x0000000085100000, 0x0000000085100000| Untracked 
|  26|0x0000000085200000, 0x0000000085200000, 0x0000000085300000|  0%| F|  |TAMS 0x0000000085200000, 0x0000000085200000| Untracked 
|  27|0x0000000085300000, 0x0000000085300000, 0x0000000085400000|  0%| F|  |TAMS 0x0000000085300000, 0x0000000085300000| Untracked 
|  28|0x0000000085400000, 0x0000000085400000, 0x0000000085500000|  0%| F|  |TAMS 0x0000000085400000, 0x0000000085400000| Untracked 
|  29|0x0000000085500000, 0x0000000085500000, 0x0000000085600000|  0%| F|  |TAMS 0x0000000085500000, 0x0000000085500000| Untracked 
|  30|0x0000000085600000, 0x0000000085600000, 0x0000000085700000|  0%| F|  |TAMS 0x0000000085600000, 0x0000000085600000| Untracked 
|  31|0x0000000085700000, 0x0000000085700000, 0x0000000085800000|  0%| F|  |TAMS 0x0000000085700000, 0x0000000085700000| Untracked 
|  32|0x0000000085800000, 0x0000000085800000, 0x0000000085900000|  0%| F|  |TAMS 0x0000000085800000, 0x0000000085800000| Untracked 
|  33|0x0000000085900000, 0x0000000085900000, 0x0000000085a00000|  0%| F|  |TAMS 0x0000000085900000, 0x0000000085900000| Untracked 
|  34|0x0000000085a00000, 0x0000000085a00000, 0x0000000085b00000|  0%| F|  |TAMS 0x0000000085a00000, 0x0000000085a00000| Untracked 
|  35|0x0000000085b00000, 0x0000000085b00000, 0x0000000085c00000|  0%| F|  |TAMS 0x0000000085b00000, 0x0000000085b00000| Untracked 
|  36|0x0000000085c00000, 0x0000000085c00000, 0x0000000085d00000|  0%| F|  |TAMS 0x0000000085c00000, 0x0000000085c00000| Untracked 
|  37|0x0000000085d00000, 0x0000000085d00000, 0x0000000085e00000|  0%| F|  |TAMS 0x0000000085d00000, 0x0000000085d00000| Untracked 
|  38|0x0000000085e00000, 0x0000000085e00000, 0x0000000085f00000|  0%| F|  |TAMS 0x0000000085e00000, 0x0000000085e00000| Untracked 
|  39|0x0000000085f00000, 0x0000000085f00000, 0x0000000086000000|  0%| F|  |TAMS 0x0000000085f00000, 0x0000000085f00000| Untracked 
|  40|0x0000000086000000, 0x0000000086000000, 0x0000000086100000|  0%| F|  |TAMS 0x0000000086000000, 0x0000000086000000| Untracked 
|  41|0x0000000086100000, 0x0000000086100000, 0x0000000086200000|  0%| F|  |TAMS 0x0000000086100000, 0x0000000086100000| Untracked 
|  42|0x0000000086200000, 0x0000000086200000, 0x0000000086300000|  0%| F|  |TAMS 0x0000000086200000, 0x0000000086200000| Untracked 
|  43|0x0000000086300000, 0x0000000086300000, 0x0000000086400000|  0%| F|  |TAMS 0x0000000086300000, 0x0000000086300000| Untracked 
|  44|0x0000000086400000, 0x0000000086400000, 0x0000000086500000|  0%| F|  |TAMS 0x0000000086400000, 0x0000000086400000| Untracked 
|  45|0x0000000086500000, 0x0000000086500000, 0x0000000086600000|  0%| F|  |TAMS 0x0000000086500000, 0x0000000086500000| Untracked 
|  46|0x0000000086600000, 0x0000000086600000, 0x0000000086700000|  0%| F|  |TAMS 0x0000000086600000, 0x0000000086600000| Untracked 
|  47|0x0000000086700000, 0x0000000086700000, 0x0000000086800000|  0%| F|  |TAMS 0x0000000086700000, 0x0000000086700000| Untracked 
|  48|0x0000000086800000, 0x0000000086800000, 0x0000000086900000|  0%| F|  |TAMS 0x0000000086800000, 0x0000000086800000| Untracked 
|  49|0x0000000086900000, 0x0000000086900000, 0x0000000086a00000|  0%| F|  |TAMS 0x0000000086900000, 0x0000000086900000| Untracked 
|  50|0x0000000086a00000, 0x0000000086a00000, 0x0000000086b00000|  0%| F|  |TAMS 0x0000000086a00000, 0x0000000086a00000| Untracked 
|  51|0x0000000086b00000, 0x0000000086b00000, 0x0000000086c00000|  0%| F|  |TAMS 0x0000000086b00000, 0x0000000086b00000| Untracked 
|  52|0x0000000086c00000, 0x0000000086c00000, 0x0000000086d00000|  0%| F|  |TAMS 0x0000000086c00000, 0x0000000086c00000| Untracked 
|  53|0x0000000086d00000, 0x0000000086d00000, 0x0000000086e00000|  0%| F|  |TAMS 0x0000000086d00000, 0x0000000086d00000| Untracked 
|  54|0x0000000086e00000, 0x0000000086e00000, 0x0000000086f00000|  0%| F|  |TAMS 0x0000000086e00000, 0x0000000086e00000| Untracked 
|  55|0x0000000086f00000, 0x0000000086f00000, 0x0000000087000000|  0%| F|  |TAMS 0x0000000086f00000, 0x0000000086f00000| Untracked 
|  56|0x0000000087000000, 0x0000000087000000, 0x0000000087100000|  0%| F|  |TAMS 0x0000000087000000, 0x0000000087000000| Untracked 
|  57|0x0000000087100000, 0x0000000087100000, 0x0000000087200000|  0%| F|  |TAMS 0x0000000087100000, 0x0000000087100000| Untracked 
|  58|0x0000000087200000, 0x0000000087200000, 0x0000000087300000|  0%| F|  |TAMS 0x0000000087200000, 0x0000000087200000| Untracked 
|  59|0x0000000087300000, 0x0000000087300000, 0x0000000087400000|  0%| F|  |TAMS 0x0000000087300000, 0x0000000087300000| Untracked 
|  60|0x0000000087400000, 0x0000000087400000, 0x0000000087500000|  0%| F|  |TAMS 0x0000000087400000, 0x0000000087400000| Untracked 
|  61|0x0000000087500000, 0x0000000087500000, 0x0000000087600000|  0%| F|  |TAMS 0x0000000087500000, 0x0000000087500000| Untracked 
|  62|0x0000000087600000, 0x0000000087600000, 0x0000000087700000|  0%| F|  |TAMS 0x0000000087600000, 0x0000000087600000| Untracked 
|  63|0x0000000087700000, 0x0000000087700000, 0x0000000087800000|  0%| F|  |TAMS 0x0000000087700000, 0x0000000087700000| Untracked 
|  64|0x0000000087800000, 0x0000000087800000, 0x0000000087900000|  0%| F|  |TAMS 0x0000000087800000, 0x0000000087800000| Untracked 
|  65|0x0000000087900000, 0x0000000087900000, 0x0000000087a00000|  0%| F|  |TAMS 0x0000000087900000, 0x0000000087900000| Untracked 
|  66|0x0000000087a00000, 0x0000000087a00000, 0x0000000087b00000|  0%| F|  |TAMS 0x0000000087a00000, 0x0000000087a00000| Untracked 
|  67|0x0000000087b00000, 0x0000000087b00000, 0x0000000087c00000|  0%| F|  |TAMS 0x0000000087b00000, 0x0000000087b00000| Untracked 
|  68|0x0000000087c00000, 0x0000000087c00000, 0x0000000087d00000|  0%| F|  |TAMS 0x0000000087c00000, 0x0000000087c00000| Untracked 
|  69|0x0000000087d00000, 0x0000000087d00000, 0x0000000087e00000|  0%| F|  |TAMS 0x0000000087d00000, 0x0000000087d00000| Untracked 
|  70|0x0000000087e00000, 0x0000000087e00000, 0x0000000087f00000|  0%| F|  |TAMS 0x0000000087e00000, 0x0000000087e00000| Untracked 
|  71|0x0000000087f00000, 0x0000000087f00000, 0x0000000088000000|  0%| F|  |TAMS 0x0000000087f00000, 0x0000000087f00000| Untracked 
|  72|0x0000000088000000, 0x0000000088000000, 0x0000000088100000|  0%| F|  |TAMS 0x0000000088000000, 0x0000000088000000| Untracked 
|  73|0x0000000088100000, 0x0000000088100000, 0x0000000088200000|  0%| F|  |TAMS 0x0000000088100000, 0x0000000088100000| Untracked 
|  74|0x0000000088200000, 0x0000000088300000, 0x0000000088300000|100%| S|CS|TAMS 0x0000000088200000, 0x0000000088200000| Complete 
|  75|0x0000000088300000, 0x0000000088400000, 0x0000000088400000|100%| S|CS|TAMS 0x0000000088300000, 0x0000000088300000| Complete 
|  76|0x0000000088400000, 0x0000000088500000, 0x0000000088500000|100%| S|CS|TAMS 0x0000000088400000, 0x0000000088400000| Complete 
|  77|0x0000000088500000, 0x0000000088600000, 0x0000000088600000|100%| S|CS|TAMS 0x0000000088500000, 0x0000000088500000| Complete 
|  78|0x0000000088600000, 0x0000000088700000, 0x0000000088700000|100%| S|CS|TAMS 0x0000000088600000, 0x0000000088600000| Complete 
|  79|0x0000000088700000, 0x0000000088800000, 0x0000000088800000|100%| S|CS|TAMS 0x0000000088700000, 0x0000000088700000| Complete 
|  80|0x0000000088800000, 0x0000000088800000, 0x0000000088900000|  0%| F|  |TAMS 0x0000000088800000, 0x0000000088800000| Untracked 
|  81|0x0000000088900000, 0x0000000088900000, 0x0000000088a00000|  0%| F|  |TAMS 0x0000000088900000, 0x0000000088900000| Untracked 
|  82|0x0000000088a00000, 0x0000000088a00000, 0x0000000088b00000|  0%| F|  |TAMS 0x0000000088a00000, 0x0000000088a00000| Untracked 
|  83|0x0000000088b00000, 0x0000000088b00000, 0x0000000088c00000|  0%| F|  |TAMS 0x0000000088b00000, 0x0000000088b00000| Untracked 
|  84|0x0000000088c00000, 0x0000000088c00000, 0x0000000088d00000|  0%| F|  |TAMS 0x0000000088c00000, 0x0000000088c00000| Untracked 
|  85|0x0000000088d00000, 0x0000000088d00000, 0x0000000088e00000|  0%| F|  |TAMS 0x0000000088d00000, 0x0000000088d00000| Untracked 
|  86|0x0000000088e00000, 0x0000000088e00000, 0x0000000088f00000|  0%| F|  |TAMS 0x0000000088e00000, 0x0000000088e00000| Untracked 
|  87|0x0000000088f00000, 0x0000000088f00000, 0x0000000089000000|  0%| F|  |TAMS 0x0000000088f00000, 0x0000000088f00000| Untracked 
|  88|0x0000000089000000, 0x0000000089000000, 0x0000000089100000|  0%| F|  |TAMS 0x0000000089000000, 0x0000000089000000| Untracked 
|  89|0x0000000089100000, 0x0000000089100000, 0x0000000089200000|  0%| F|  |TAMS 0x0000000089100000, 0x0000000089100000| Untracked 
|  90|0x0000000089200000, 0x0000000089200000, 0x0000000089300000|  0%| F|  |TAMS 0x0000000089200000, 0x0000000089200000| Untracked 
|  91|0x0000000089300000, 0x0000000089300000, 0x0000000089400000|  0%| F|  |TAMS 0x0000000089300000, 0x0000000089300000| Untracked 
|  92|0x0000000089400000, 0x0000000089400000, 0x0000000089500000|  0%| F|  |TAMS 0x0000000089400000, 0x0000000089400000| Untracked 
|  93|0x0000000089500000, 0x0000000089500000, 0x0000000089600000|  0%| F|  |TAMS 0x0000000089500000, 0x0000000089500000| Untracked 
|  94|0x0000000089600000, 0x0000000089600000, 0x0000000089700000|  0%| F|  |TAMS 0x0000000089600000, 0x0000000089600000| Untracked 
|  95|0x0000000089700000, 0x0000000089700000, 0x0000000089800000|  0%| F|  |TAMS 0x0000000089700000, 0x0000000089700000| Untracked 
|  96|0x0000000089800000, 0x0000000089800000, 0x0000000089900000|  0%| F|  |TAMS 0x0000000089800000, 0x0000000089800000| Untracked 
|  97|0x0000000089900000, 0x0000000089900000, 0x0000000089a00000|  0%| F|  |TAMS 0x0000000089900000, 0x0000000089900000| Untracked 
|  98|0x0000000089a00000, 0x0000000089a00000, 0x0000000089b00000|  0%| F|  |TAMS 0x0000000089a00000, 0x0000000089a00000| Untracked 
|  99|0x0000000089b00000, 0x0000000089b00000, 0x0000000089c00000|  0%| F|  |TAMS 0x0000000089b00000, 0x0000000089b00000| Untracked 
| 100|0x0000000089c00000, 0x0000000089c00000, 0x0000000089d00000|  0%| F|  |TAMS 0x0000000089c00000, 0x0000000089c00000| Untracked 
| 101|0x0000000089d00000, 0x0000000089d00000, 0x0000000089e00000|  0%| F|  |TAMS 0x0000000089d00000, 0x0000000089d00000| Untracked 
| 102|0x0000000089e00000, 0x0000000089e00000, 0x0000000089f00000|  0%| F|  |TAMS 0x0000000089e00000, 0x0000000089e00000| Untracked 
| 103|0x0000000089f00000, 0x0000000089f00000, 0x000000008a000000|  0%| F|  |TAMS 0x0000000089f00000, 0x0000000089f00000| Untracked 
| 104|0x000000008a000000, 0x000000008a000000, 0x000000008a100000|  0%| F|  |TAMS 0x000000008a000000, 0x000000008a000000| Untracked 
| 105|0x000000008a100000, 0x000000008a100000, 0x000000008a200000|  0%| F|  |TAMS 0x000000008a100000, 0x000000008a100000| Untracked 
| 106|0x000000008a200000, 0x000000008a200000, 0x000000008a300000|  0%| F|  |TAMS 0x000000008a200000, 0x000000008a200000| Untracked 
| 107|0x000000008a300000, 0x000000008a300000, 0x000000008a400000|  0%| F|  |TAMS 0x000000008a300000, 0x000000008a300000| Untracked 
| 108|0x000000008a400000, 0x000000008a400000, 0x000000008a500000|  0%| F|  |TAMS 0x000000008a400000, 0x000000008a400000| Untracked 
| 109|0x000000008a500000, 0x000000008a500000, 0x000000008a600000|  0%| F|  |TAMS 0x000000008a500000, 0x000000008a500000| Untracked 
| 110|0x000000008a600000, 0x000000008a700000, 0x000000008a700000|100%| E|  |TAMS 0x000000008a600000, 0x000000008a600000| Complete 
| 111|0x000000008a700000, 0x000000008a800000, 0x000000008a800000|100%| E|CS|TAMS 0x000000008a700000, 0x000000008a700000| Complete 
| 112|0x000000008a800000, 0x000000008a900000, 0x000000008a900000|100%| E|CS|TAMS 0x000000008a800000, 0x000000008a800000| Complete 
| 113|0x000000008a900000, 0x000000008aa00000, 0x000000008aa00000|100%| E|CS|TAMS 0x000000008a900000, 0x000000008a900000| Complete 
| 114|0x000000008aa00000, 0x000000008ab00000, 0x000000008ab00000|100%| E|CS|TAMS 0x000000008aa00000, 0x000000008aa00000| Complete 
| 115|0x000000008ab00000, 0x000000008ac00000, 0x000000008ac00000|100%| E|CS|TAMS 0x000000008ab00000, 0x000000008ab00000| Complete 
| 116|0x000000008ac00000, 0x000000008ad00000, 0x000000008ad00000|100%| E|CS|TAMS 0x000000008ac00000, 0x000000008ac00000| Complete 
| 117|0x000000008ad00000, 0x000000008ae00000, 0x000000008ae00000|100%| E|CS|TAMS 0x000000008ad00000, 0x000000008ad00000| Complete 
| 118|0x000000008ae00000, 0x000000008af00000, 0x000000008af00000|100%| E|CS|TAMS 0x000000008ae00000, 0x000000008ae00000| Complete 
| 119|0x000000008af00000, 0x000000008b000000, 0x000000008b000000|100%| E|CS|TAMS 0x000000008af00000, 0x000000008af00000| Complete 
| 120|0x000000008b000000, 0x000000008b100000, 0x000000008b100000|100%| E|CS|TAMS 0x000000008b000000, 0x000000008b000000| Complete 
| 121|0x000000008b100000, 0x000000008b200000, 0x000000008b200000|100%| E|CS|TAMS 0x000000008b100000, 0x000000008b100000| Complete 
| 122|0x000000008b200000, 0x000000008b300000, 0x000000008b300000|100%| E|CS|TAMS 0x000000008b200000, 0x000000008b200000| Complete 
| 123|0x000000008b300000, 0x000000008b400000, 0x000000008b400000|100%| E|CS|TAMS 0x000000008b300000, 0x000000008b300000| Complete 
| 124|0x000000008b400000, 0x000000008b500000, 0x000000008b500000|100%| E|CS|TAMS 0x000000008b400000, 0x000000008b400000| Complete 
| 125|0x000000008b500000, 0x000000008b600000, 0x000000008b600000|100%| E|CS|TAMS 0x000000008b500000, 0x000000008b500000| Complete 
| 126|0x000000008b600000, 0x000000008b700000, 0x000000008b700000|100%| E|CS|TAMS 0x000000008b600000, 0x000000008b600000| Complete 
| 127|0x000000008b700000, 0x000000008b800000, 0x000000008b800000|100%| E|CS|TAMS 0x000000008b700000, 0x000000008b700000| Complete 
| 128|0x000000008b800000, 0x000000008b900000, 0x000000008b900000|100%| E|CS|TAMS 0x000000008b800000, 0x000000008b800000| Complete 
| 129|0x000000008b900000, 0x000000008ba00000, 0x000000008ba00000|100%| E|CS|TAMS 0x000000008b900000, 0x000000008b900000| Complete 
| 130|0x000000008ba00000, 0x000000008bb00000, 0x000000008bb00000|100%| E|CS|TAMS 0x000000008ba00000, 0x000000008ba00000| Complete 
| 131|0x000000008bb00000, 0x000000008bc00000, 0x000000008bc00000|100%| E|CS|TAMS 0x000000008bb00000, 0x000000008bb00000| Complete 
| 132|0x000000008bc00000, 0x000000008bd00000, 0x000000008bd00000|100%| E|CS|TAMS 0x000000008bc00000, 0x000000008bc00000| Complete 
| 133|0x000000008bd00000, 0x000000008be00000, 0x000000008be00000|100%| E|CS|TAMS 0x000000008bd00000, 0x000000008bd00000| Complete 
| 134|0x000000008be00000, 0x000000008bf00000, 0x000000008bf00000|100%| E|CS|TAMS 0x000000008be00000, 0x000000008be00000| Complete 
| 135|0x000000008bf00000, 0x000000008c000000, 0x000000008c000000|100%| E|CS|TAMS 0x000000008bf00000, 0x000000008bf00000| Complete 
| 136|0x000000008c000000, 0x000000008c100000, 0x000000008c100000|100%| E|CS|TAMS 0x000000008c000000, 0x000000008c000000| Complete 
| 137|0x000000008c100000, 0x000000008c200000, 0x000000008c200000|100%| E|CS|TAMS 0x000000008c100000, 0x000000008c100000| Complete 
| 138|0x000000008c200000, 0x000000008c300000, 0x000000008c300000|100%| E|CS|TAMS 0x000000008c200000, 0x000000008c200000| Complete 
| 139|0x000000008c300000, 0x000000008c400000, 0x000000008c400000|100%| E|CS|TAMS 0x000000008c300000, 0x000000008c300000| Complete 
| 140|0x000000008c400000, 0x000000008c500000, 0x000000008c500000|100%| E|CS|TAMS 0x000000008c400000, 0x000000008c400000| Complete 
| 141|0x000000008c500000, 0x000000008c600000, 0x000000008c600000|100%| E|CS|TAMS 0x000000008c500000, 0x000000008c500000| Complete 
| 142|0x000000008c600000, 0x000000008c700000, 0x000000008c700000|100%| E|CS|TAMS 0x000000008c600000, 0x000000008c600000| Complete 
| 143|0x000000008c700000, 0x000000008c800000, 0x000000008c800000|100%| E|CS|TAMS 0x000000008c700000, 0x000000008c700000| Complete 
| 144|0x000000008c800000, 0x000000008c900000, 0x000000008c900000|100%| E|CS|TAMS 0x000000008c800000, 0x000000008c800000| Complete 
| 145|0x000000008c900000, 0x000000008ca00000, 0x000000008ca00000|100%| E|CS|TAMS 0x000000008c900000, 0x000000008c900000| Complete 
| 146|0x000000008ca00000, 0x000000008cb00000, 0x000000008cb00000|100%| E|CS|TAMS 0x000000008ca00000, 0x000000008ca00000| Complete 
| 147|0x000000008cb00000, 0x000000008cc00000, 0x000000008cc00000|100%| E|CS|TAMS 0x000000008cb00000, 0x000000008cb00000| Complete 
| 148|0x000000008cc00000, 0x000000008cd00000, 0x000000008cd00000|100%| E|CS|TAMS 0x000000008cc00000, 0x000000008cc00000| Complete 
| 149|0x000000008cd00000, 0x000000008ce00000, 0x000000008ce00000|100%| E|CS|TAMS 0x000000008cd00000, 0x000000008cd00000| Complete 
| 150|0x000000008ce00000, 0x000000008cf00000, 0x000000008cf00000|100%| E|CS|TAMS 0x000000008ce00000, 0x000000008ce00000| Complete 
| 151|0x000000008cf00000, 0x000000008d000000, 0x000000008d000000|100%| E|CS|TAMS 0x000000008cf00000, 0x000000008cf00000| Complete 
| 152|0x000000008d000000, 0x000000008d100000, 0x000000008d100000|100%| E|CS|TAMS 0x000000008d000000, 0x000000008d000000| Complete 
| 153|0x000000008d100000, 0x000000008d200000, 0x000000008d200000|100%| E|CS|TAMS 0x000000008d100000, 0x000000008d100000| Complete 
| 154|0x000000008d200000, 0x000000008d300000, 0x000000008d300000|100%| E|CS|TAMS 0x000000008d200000, 0x000000008d200000| Complete 
| 155|0x000000008d300000, 0x000000008d400000, 0x000000008d400000|100%| E|CS|TAMS 0x000000008d300000, 0x000000008d300000| Complete 
| 156|0x000000008d400000, 0x000000008d500000, 0x000000008d500000|100%| E|CS|TAMS 0x000000008d400000, 0x000000008d400000| Complete 
| 157|0x000000008d500000, 0x000000008d600000, 0x000000008d600000|100%| E|CS|TAMS 0x000000008d500000, 0x000000008d500000| Complete 
| 158|0x000000008d600000, 0x000000008d700000, 0x000000008d700000|100%| E|CS|TAMS 0x000000008d600000, 0x000000008d600000| Complete 
| 159|0x000000008d700000, 0x000000008d800000, 0x000000008d800000|100%| E|CS|TAMS 0x000000008d700000, 0x000000008d700000| Complete 
| 160|0x000000008d800000, 0x000000008d900000, 0x000000008d900000|100%| E|CS|TAMS 0x000000008d800000, 0x000000008d800000| Complete 
| 161|0x000000008d900000, 0x000000008da00000, 0x000000008da00000|100%| E|CS|TAMS 0x000000008d900000, 0x000000008d900000| Complete 
| 162|0x000000008da00000, 0x000000008db00000, 0x000000008db00000|100%| E|CS|TAMS 0x000000008da00000, 0x000000008da00000| Complete 
| 163|0x000000008db00000, 0x000000008dc00000, 0x000000008dc00000|100%| E|CS|TAMS 0x000000008db00000, 0x000000008db00000| Complete 
| 164|0x000000008dc00000, 0x000000008dd00000, 0x000000008dd00000|100%| E|CS|TAMS 0x000000008dc00000, 0x000000008dc00000| Complete 
| 165|0x000000008dd00000, 0x000000008de00000, 0x000000008de00000|100%| E|CS|TAMS 0x000000008dd00000, 0x000000008dd00000| Complete 
| 166|0x000000008de00000, 0x000000008df00000, 0x000000008df00000|100%| E|CS|TAMS 0x000000008de00000, 0x000000008de00000| Complete 
| 167|0x000000008df00000, 0x000000008e000000, 0x000000008e000000|100%| E|CS|TAMS 0x000000008df00000, 0x000000008df00000| Complete 
| 168|0x000000008e000000, 0x000000008e100000, 0x000000008e100000|100%| E|CS|TAMS 0x000000008e000000, 0x000000008e000000| Complete 
| 169|0x000000008e100000, 0x000000008e200000, 0x000000008e200000|100%| E|CS|TAMS 0x000000008e100000, 0x000000008e100000| Complete 
| 170|0x000000008e200000, 0x000000008e300000, 0x000000008e300000|100%| E|CS|TAMS 0x000000008e200000, 0x000000008e200000| Complete 
| 171|0x000000008e300000, 0x000000008e400000, 0x000000008e400000|100%| E|CS|TAMS 0x000000008e300000, 0x000000008e300000| Complete 
| 172|0x000000008e400000, 0x000000008e500000, 0x000000008e500000|100%| E|CS|TAMS 0x000000008e400000, 0x000000008e400000| Complete 
| 173|0x000000008e500000, 0x000000008e600000, 0x000000008e600000|100%| E|CS|TAMS 0x000000008e500000, 0x000000008e500000| Complete 
| 174|0x000000008e600000, 0x000000008e700000, 0x000000008e700000|100%| E|CS|TAMS 0x000000008e600000, 0x000000008e600000| Complete 
| 175|0x000000008e700000, 0x000000008e800000, 0x000000008e800000|100%| E|CS|TAMS 0x000000008e700000, 0x000000008e700000| Complete 
| 176|0x000000008e800000, 0x000000008e900000, 0x000000008e900000|100%| E|CS|TAMS 0x000000008e800000, 0x000000008e800000| Complete 
| 177|0x000000008e900000, 0x000000008ea00000, 0x000000008ea00000|100%| E|CS|TAMS 0x000000008e900000, 0x000000008e900000| Complete 
| 178|0x000000008ea00000, 0x000000008eb00000, 0x000000008eb00000|100%| E|CS|TAMS 0x000000008ea00000, 0x000000008ea00000| Complete 
| 179|0x000000008eb00000, 0x000000008ec00000, 0x000000008ec00000|100%| E|CS|TAMS 0x000000008eb00000, 0x000000008eb00000| Complete 
| 180|0x000000008ec00000, 0x000000008ed00000, 0x000000008ed00000|100%| E|CS|TAMS 0x000000008ec00000, 0x000000008ec00000| Complete 
| 181|0x000000008ed00000, 0x000000008ee00000, 0x000000008ee00000|100%| E|CS|TAMS 0x000000008ed00000, 0x000000008ed00000| Complete 
| 182|0x000000008ee00000, 0x000000008ef00000, 0x000000008ef00000|100%| E|CS|TAMS 0x000000008ee00000, 0x000000008ee00000| Complete 

Card table byte_map: [0x00000155f6ce0000,0x00000155f70d0000] _byte_map_base: 0x00000155f68c4000

Marking Bits (Prev, Next): (CMBitMap*) 0x00000155ece7fa90, (CMBitMap*) 0x00000155ece7fa58
 Prev Bits: [0x00000155f93e0000, 0x00000155fb300000)
 Next Bits: [0x00000155f74c0000, 0x00000155f93e0000)

Polling page: 0x00000155ecf20000

Metaspace:

Usage:
  Non-class:     65.17 MB capacity,    63.94 MB ( 98%) used,  1010.80 KB (  2%) free+waste,   253.88 KB ( <1%) overhead. 
      Class:      9.40 MB capacity,     8.62 MB ( 92%) used,   676.01 KB (  7%) free+waste,   117.19 KB (  1%) overhead. 
       Both:     74.57 MB capacity,    72.56 MB ( 97%) used,     1.65 MB (  2%) free+waste,   371.06 KB ( <1%) overhead. 

Virtual space:
  Non-class space:       66.00 MB reserved,      65.25 MB ( 99%) committed 
      Class space:        1.00 GB reserved,       9.50 MB ( <1%) committed 
             Both:        1.06 GB reserved,      74.75 MB (  7%) committed 

Chunk freelists:
   Non-Class:  2.13 KB
       Class:  0 bytes
        Both:  2.13 KB

CodeHeap 'non-profiled nmethods': size=120000Kb used=10118Kb max_used=10118Kb free=109881Kb
 bounds [0x0000015587ad0000, 0x00000155884c0000, 0x000001558f000000]
CodeHeap 'profiled nmethods': size=120000Kb used=24647Kb max_used=26739Kb free=95352Kb
 bounds [0x00000155805a0000, 0x0000015581fc0000, 0x0000015587ad0000]
CodeHeap 'non-nmethods': size=5760Kb used=1241Kb max_used=1302Kb free=4518Kb
 bounds [0x0000015580000000, 0x0000015580270000, 0x00000155805a0000]
 total_blobs=12163 nmethods=11547 adapters=526
 compilation: enabled
              stopped_count=0, restarted_count=0
 full_count=0

Compilation events (10 events):
Event: 48.556 Thread 0x0000015594a69000 nmethod 12358 0x0000015588495390 code [0x00000155884956a0, 0x0000015588498a80]
Event: 48.556 Thread 0x0000015594a69000 12360       4       java.util.IdentityHashMap::resize (153 bytes)
Event: 48.564 Thread 0x0000015594a69000 nmethod 12360 0x000001558849a210 code [0x000001558849a3c0, 0x000001558849ad88]
Event: 48.564 Thread 0x0000015594a69000 12359       4       org.springframework.web.context.request.async.StandardServletAsyncWebRequest::<init> (51 bytes)
Event: 48.571 Thread 0x0000015594a69000 nmethod 12359 0x000001558849b090 code [0x000001558849b260, 0x000001558849bd98]
Event: 48.573 Thread 0x0000015594a69000 12361   !   4       org.apache.coyote.http11.Http11Processor::service (1248 bytes)
Event: 48.608 Thread 0x00000155fe9b0800 12363       2       org.springframework.core.ReactiveAdapterRegistry::getAdapter (7 bytes)
Event: 48.609 Thread 0x00000155fe9b0800 nmethod 12363 0x00000155805b0610 code [0x00000155805b07a0, 0x00000155805b08c8]
Event: 48.683 Thread 0x0000015594a69000 nmethod 12361 0x000001558849c010 code [0x000001558849c580, 0x000001558849f340]
Event: 48.683 Thread 0x0000015594a69000 12362       4       org.springframework.transaction.interceptor.TransactionAspectSupport::createTransactionIfNecessary (102 bytes)

GC Heap History (10 events):
Event: 36.125 GC heap before
{Heap before GC invocations=15 (full 0):
 garbage-first heap   total 187392K, used 134968K [0x0000000083800000, 0x0000000100000000)
  region size 1024K, 109 young (111616K), 9 survivors (9216K)
 Metaspace       used 74081K, capacity 76161K, committed 76288K, reserved 1116160K
  class space    used 8824K, capacity 9622K, committed 9728K, reserved 1048576K
}
Event: 36.135 GC heap after
{Heap after GC invocations=16 (full 0):
 garbage-first heap   total 187392K, used 32481K [0x0000000083800000, 0x0000000100000000)
  region size 1024K, 6 young (6144K), 6 survivors (6144K)
 Metaspace       used 74081K, capacity 76161K, committed 76288K, reserved 1116160K
  class space    used 8824K, capacity 9622K, committed 9728K, reserved 1048576K
}
Event: 38.892 GC heap before
{Heap before GC invocations=16 (full 0):
 garbage-first heap   total 187392K, used 137953K [0x0000000083800000, 0x0000000100000000)
  region size 1024K, 109 young (111616K), 6 survivors (6144K)
 Metaspace       used 74251K, capacity 76292K, committed 76544K, reserved 1116160K
  class space    used 8826K, capacity 9622K, committed 9728K, reserved 1048576K
}
Event: 38.898 GC heap after
{Heap after GC invocations=17 (full 0):
 garbage-first heap   total 187392K, used 32481K [0x0000000083800000, 0x0000000100000000)
  region size 1024K, 6 young (6144K), 6 survivors (6144K)
 Metaspace       used 74251K, capacity 76292K, committed 76544K, reserved 1116160K
  class space    used 8826K, capacity 9622K, committed 9728K, reserved 1048576K
}
Event: 41.465 GC heap before
{Heap before GC invocations=17 (full 0):
 garbage-first heap   total 187392K, used 137953K [0x0000000083800000, 0x0000000100000000)
  region size 1024K, 109 young (111616K), 6 survivors (6144K)
 Metaspace       used 74262K, capacity 76292K, committed 76544K, reserved 1116160K
  class space    used 8827K, capacity 9622K, committed 9728K, reserved 1048576K
}
Event: 41.472 GC heap after
{Heap after GC invocations=18 (full 0):
 garbage-first heap   total 187392K, used 32434K [0x0000000083800000, 0x0000000100000000)
  region size 1024K, 6 young (6144K), 6 survivors (6144K)
 Metaspace       used 74262K, capacity 76292K, committed 76544K, reserved 1116160K
  class space    used 8827K, capacity 9622K, committed 9728K, reserved 1048576K
}
Event: 44.633 GC heap before
{Heap before GC invocations=18 (full 0):
 garbage-first heap   total 187392K, used 137906K [0x0000000083800000, 0x0000000100000000)
  region size 1024K, 109 young (111616K), 6 survivors (6144K)
 Metaspace       used 74295K, capacity 76293K, committed 76544K, reserved 1116160K
  class space    used 8828K, capacity 9622K, committed 9728K, reserved 1048576K
}
Event: 44.642 GC heap after
{Heap after GC invocations=19 (full 0):
 garbage-first heap   total 187392K, used 32276K [0x0000000083800000, 0x0000000100000000)
  region size 1024K, 6 young (6144K), 6 survivors (6144K)
 Metaspace       used 74295K, capacity 76293K, committed 76544K, reserved 1116160K
  class space    used 8828K, capacity 9622K, committed 9728K, reserved 1048576K
}
Event: 46.973 GC heap before
{Heap before GC invocations=19 (full 0):
 garbage-first heap   total 187392K, used 137748K [0x0000000083800000, 0x0000000100000000)
  region size 1024K, 109 young (111616K), 6 survivors (6144K)
 Metaspace       used 74295K, capacity 76293K, committed 76544K, reserved 1116160K
  class space    used 8828K, capacity 9622K, committed 9728K, reserved 1048576K
}
Event: 46.980 GC heap after
{Heap after GC invocations=20 (full 0):
 garbage-first heap   total 187392K, used 32481K [0x0000000083800000, 0x0000000100000000)
  region size 1024K, 6 young (6144K), 6 survivors (6144K)
 Metaspace       used 74295K, capacity 76293K, committed 76544K, reserved 1116160K
  class space    used 8828K, capacity 9622K, committed 9728K, reserved 1048576K
}

Deoptimization events (10 events):
Event: 47.120 Thread 0x0000015592839800 Uncommon trap: reason=bimorphic_or_optimized_type_check action=maybe_recompile pc=0x000001558814b580 method=com.mysql.cj.protocol.result.AbstractResultsetRow.getValueFromBytes(I[BIILcom/mysql/cj/result/ValueFactory;)Ljava/lang/Object; @ 10 c2
Event: 47.121 Thread 0x0000015592839800 Uncommon trap: reason=unstable_if action=reinterpret pc=0x0000015588113cd4 method=org.hibernate.type.descriptor.sql.BasicExtractor.extract(Ljava/sql/ResultSet;Ljava/lang/String;Lorg/hibernate/type/descriptor/WrapperOptions;)Ljava/lang/Object; @ 20 c2
Event: 47.121 Thread 0x0000015592839800 Uncommon trap: reason=unstable_if action=reinterpret pc=0x0000015587cfad94 method=java.math.BigDecimal.<init>([CIILjava/math/MathContext;)V @ 150 c2
Event: 47.121 Thread 0x0000015592839800 Uncommon trap: reason=bimorphic_or_optimized_type_check action=maybe_recompile pc=0x000001558814b580 method=com.mysql.cj.protocol.result.AbstractResultsetRow.getValueFromBytes(I[BIILcom/mysql/cj/result/ValueFactory;)Ljava/lang/Object; @ 10 c2
Event: 47.121 Thread 0x0000015592839800 Uncommon trap: reason=bimorphic_or_optimized_type_check action=maybe_recompile pc=0x000001558814b580 method=com.mysql.cj.protocol.result.AbstractResultsetRow.getValueFromBytes(I[BIILcom/mysql/cj/result/ValueFactory;)Ljava/lang/Object; @ 10 c2
Event: 47.121 Thread 0x0000015592839800 Uncommon trap: reason=unstable_if action=reinterpret pc=0x00000155881cffd4 method=jdk.internal.reflect.UnsafeObjectFieldAccessorImpl.set(Ljava/lang/Object;Ljava/lang/Object;)V @ 18 c2
Event: 47.121 Thread 0x0000015592839800 Uncommon trap: reason=unstable_if action=reinterpret pc=0x00000155880f8e84 method=jdk.internal.reflect.UnsafeObjectFieldAccessorImpl.set(Ljava/lang/Object;Ljava/lang/Object;)V @ 18 c2
Event: 47.132 Thread 0x0000015592837000 Uncommon trap: reason=bimorphic_or_optimized_type_check action=maybe_recompile pc=0x000001558814b580 method=com.mysql.cj.protocol.result.AbstractResultsetRow.getValueFromBytes(I[BIILcom/mysql/cj/result/ValueFactory;)Ljava/lang/Object; @ 10 c2
Event: 47.132 Thread 0x0000015592837000 Uncommon trap: reason=bimorphic_or_optimized_type_check action=maybe_recompile pc=0x00000155881427d4 method=com.mysql.cj.protocol.result.AbstractResultsetRow.getValueFromBytes(I[BIILcom/mysql/cj/result/ValueFactory;)Ljava/lang/Object; @ 10 c2
Event: 47.132 Thread 0x0000015592837000 Uncommon trap: reason=bimorphic_or_optimized_type_check action=maybe_recompile pc=0x00000155880ff084 method=com.mysql.cj.protocol.result.AbstractResultsetRow.getValueFromBytes(I[BIILcom/mysql/cj/result/ValueFactory;)Ljava/lang/Object; @ 10 c2

Classes redefined (0 events):
No events

Internal exceptions (10 events):
Event: 6.507 Thread 0x00000155fecd2000 Exception <a 'java/lang/NoSuchMethodError'{0x0000000089ef41d8}: java.lang.invoke.DirectMethodHandle$Holder.invokeStaticInit(Ljava/lang/Object;Ljava/lang/Object;Ljava/lang/Object;Ljava/lang/Object;)I> (0x0000000089ef41d8) thrown at [./open/src/hotspot/shar
Event: 6.645 Thread 0x00000155fecd2000 Exception <a 'java/lang/NoSuchMethodError'{0x0000000089426278}: java.lang.invoke.DirectMethodHandle$Holder.invokeSpecial(Ljava/lang/Object;Ljava/lang/Object;ILjava/lang/Object;ILjava/lang/Object;)Ljava/lang/Object;> (0x0000000089426278) thrown at [./open/
Event: 6.645 Thread 0x00000155fecd2000 Exception <a 'java/lang/NoSuchMethodError'{0x000000008942da00}: java.lang.invoke.DirectMethodHandle$Holder.invokeStatic(Ljava/lang/Object;Ljava/lang/Object;ILjava/lang/Object;I)Ljava/lang/Object;> (0x000000008942da00) thrown at [./open/src/hotspot/share/i
Event: 6.645 Thread 0x00000155fecd2000 Exception <a 'java/lang/NoSuchMethodError'{0x00000000894311d8}: java.lang.invoke.DirectMethodHandle$Holder.invokeSpecial(Ljava/lang/Object;Ljava/lang/Object;Ljava/lang/Object;ILjava/lang/Object;I)Ljava/lang/Object;> (0x00000000894311d8) thrown at [./open/
Event: 6.648 Thread 0x00000155fecd2000 Exception <a 'java/lang/NoSuchMethodError'{0x000000008943c4e0}: java.lang.invoke.DirectMethodHandle$Holder.invokeVirtual(Ljava/lang/Object;Ljava/lang/Object;)V> (0x000000008943c4e0) thrown at [./open/src/hotspot/share/interpreter/linkResolver.cpp, line 77
Event: 15.219 Thread 0x0000015592839800 Exception <a 'java/lang/NoSuchMethodError'{0x000000008d99aa90}: java.lang.invoke.DirectMethodHandle$Holder.invokeStaticInit(Ljava/lang/Object;Ljava/lang/Object;Ljava/lang/Object;Ljava/lang/Object;Ljava/lang/Object;Ljava/lang/Object;)Ljava/lang/Object;> (0
Event: 15.254 Thread 0x0000015592834800 Exception <a 'java/lang/NoSuchMethodError'{0x000000008d6a2da8}: java.lang.invoke.DirectMethodHandle$Holder.invokeInterface(Ljava/lang/Object;Ljava/lang/Object;Ljava/lang/Object;Ljava/lang/Object;)Ljava/lang/Object;> (0x000000008d6a2da8) thrown at [./open/
Event: 36.696 Thread 0x0000015596b02000 Implicit null exception at 0x0000015588160e11 to 0x0000015588161060
Event: 47.121 Thread 0x0000015592839800 Implicit null exception at 0x00000155881cf727 to 0x00000155881cffa8
Event: 47.121 Thread 0x0000015592839800 Implicit null exception at 0x00000155880f8b7d to 0x00000155880f8e64

Events (10 events):
Event: 47.121 Thread 0x0000015592839800 DEOPT UNPACKING pc=0x000001558002662f sp=0x000000540adfc2b0 mode 2
Event: 47.132 Thread 0x0000015592837000 Uncommon trap: trap_request=0xffffffc6 fr.pc=0x000001558814b580 relative=0x0000000000000680
Event: 47.132 Thread 0x0000015592837000 DEOPT PACKING pc=0x000001558814b580 sp=0x000000540b3fb880
Event: 47.132 Thread 0x0000015592837000 DEOPT UNPACKING pc=0x000001558002662f sp=0x000000540b3fb720 mode 2
Event: 47.132 Thread 0x0000015592837000 Uncommon trap: trap_request=0xffffffc6 fr.pc=0x00000155881427d4 relative=0x00000000000000b4
Event: 47.132 Thread 0x0000015592837000 DEOPT PACKING pc=0x00000155881427d4 sp=0x000000540b3fb7a0
Event: 47.132 Thread 0x0000015592837000 DEOPT UNPACKING pc=0x000001558002662f sp=0x000000540b3fb6b0 mode 2
Event: 47.132 Thread 0x0000015592837000 Uncommon trap: trap_request=0xffffffc6 fr.pc=0x00000155880ff084 relative=0x0000000000000144
Event: 47.132 Thread 0x0000015592837000 DEOPT PACKING pc=0x00000155880ff084 sp=0x000000540b3fb6f0
Event: 47.132 Thread 0x0000015592837000 DEOPT UNPACKING pc=0x000001558002662f sp=0x000000540b3fb6b8 mode 2


Dynamic libraries:
0x00007ff6c4490000 - 0x00007ff6c449f000 	C:\Program Files\Java\jdk-11.0.13\bin\javaw.exe
0x00007fffd66c0000 - 0x00007fffd68c9000 	C:\WINDOWS\SYSTEM32\ntdll.dll
0x00007fffd54f0000 - 0x00007fffd55ad000 	C:\WINDOWS\System32\KERNEL32.DLL
0x00007fffd3df0000 - 0x00007fffd4169000 	C:\WINDOWS\System32\KERNELBASE.dll
0x00007fffd3cd0000 - 0x00007fffd3de1000 	C:\WINDOWS\System32\ucrtbase.dll
0x00007fffcf7a0000 - 0x00007fffcf7b8000 	C:\Program Files\Java\jdk-11.0.13\bin\jli.dll
0x00007fffcf950000 - 0x00007fffcf965000 	C:\Program Files\Java\jdk-11.0.13\bin\VCRUNTIME140.dll
0x00007fffd5e40000 - 0x00007fffd5eee000 	C:\WINDOWS\System32\ADVAPI32.dll
0x00007fffd5360000 - 0x00007fffd5403000 	C:\WINDOWS\System32\msvcrt.dll
0x00007fffd5930000 - 0x00007fffd59ce000 	C:\WINDOWS\System32\sechost.dll
0x00007fffd5240000 - 0x00007fffd5360000 	C:\WINDOWS\System32\RPCRT4.dll
0x00007fffd6450000 - 0x00007fffd65fc000 	C:\WINDOWS\System32\USER32.dll
0x00007fffd4470000 - 0x00007fffd4496000 	C:\WINDOWS\System32\win32u.dll
0x00007fffd6290000 - 0x00007fffd62b9000 	C:\WINDOWS\System32\GDI32.dll
0x00007fffaac00000 - 0x00007fffaaea5000 	C:\WINDOWS\WinSxS\amd64_microsoft.windows.common-controls_6595b64144ccf1df_6.0.22000.120_none_9d947278b86cc467\COMCTL32.dll
0x00007fffd4350000 - 0x00007fffd4462000 	C:\WINDOWS\System32\gdi32full.dll
0x00007fffd3c30000 - 0x00007fffd3ccd000 	C:\WINDOWS\System32\msvcp_win.dll
0x00007fffcef20000 - 0x00007fffcef2a000 	C:\WINDOWS\SYSTEM32\VERSION.dll
0x00007fffd63b0000 - 0x00007fffd63e1000 	C:\WINDOWS\System32\IMM32.DLL
0x00007fff9fbd0000 - 0x00007fff9fc6b000 	C:\Program Files\Java\jdk-11.0.13\bin\msvcp140.dll
0x00007fff7c9a0000 - 0x00007fff7d4b3000 	C:\Program Files\Java\jdk-11.0.13\bin\server\jvm.dll
0x00007fffd51d0000 - 0x00007fffd51d8000 	C:\WINDOWS\System32\PSAPI.DLL
0x00007fffcf680000 - 0x00007fffcf689000 	C:\WINDOWS\SYSTEM32\WSOCK32.dll
0x00007fffcf520000 - 0x00007fffcf553000 	C:\WINDOWS\SYSTEM32\WINMM.dll
0x00007fffd5ef0000 - 0x00007fffd5f5f000 	C:\WINDOWS\System32\WS2_32.dll
0x00007fffd2c90000 - 0x00007fffd2ca8000 	C:\WINDOWS\SYSTEM32\kernel.appcore.dll
0x00007fffcf9a0000 - 0x00007fffcf9b0000 	C:\Program Files\Java\jdk-11.0.13\bin\verify.dll
0x00007fffd1840000 - 0x00007fffd1a61000 	C:\WINDOWS\SYSTEM32\DBGHELP.DLL
0x00007fffcd510000 - 0x00007fffcd541000 	C:\WINDOWS\SYSTEM32\dbgcore.DLL
0x00007fffd3bb0000 - 0x00007fffd3c2f000 	C:\WINDOWS\System32\bcryptPrimitives.dll
0x00007fffbb780000 - 0x00007fffbb7a8000 	C:\Program Files\Java\jdk-11.0.13\bin\java.dll
0x00007fffcf940000 - 0x00007fffcf94a000 	C:\Program Files\Java\jdk-11.0.13\bin\jimage.dll
0x00007fffcc2c0000 - 0x00007fffcc2d6000 	C:\Program Files\Java\jdk-11.0.13\bin\zip.dll
0x00007fffd4860000 - 0x00007fffd500f000 	C:\WINDOWS\System32\SHELL32.dll
0x00007fffd1d00000 - 0x00007fffd2568000 	C:\WINDOWS\SYSTEM32\windows.storage.dll
0x00007fffd55b0000 - 0x00007fffd5928000 	C:\WINDOWS\System32\combase.dll
0x00007fffd1b90000 - 0x00007fffd1cf6000 	C:\WINDOWS\SYSTEM32\wintypes.dll
0x00007fffd62c0000 - 0x00007fffd63aa000 	C:\WINDOWS\System32\SHCORE.dll
0x00007fffd4800000 - 0x00007fffd485d000 	C:\WINDOWS\System32\shlwapi.dll
0x00007fffd3ae0000 - 0x00007fffd3b01000 	C:\WINDOWS\SYSTEM32\profapi.dll
0x00007fffc6890000 - 0x00007fffc68a9000 	C:\Program Files\Java\jdk-11.0.13\bin\net.dll
0x00007fffd0580000 - 0x00007fffd068c000 	C:\WINDOWS\SYSTEM32\WINHTTP.dll
0x00007fffd30c0000 - 0x00007fffd3127000 	C:\WINDOWS\system32\mswsock.dll
0x00007fffbe710000 - 0x00007fffbe722000 	C:\Program Files\Java\jdk-11.0.13\bin\nio.dll
0x00007fffce770000 - 0x00007fffce779000 	C:\Program Files\Java\jdk-11.0.13\bin\management.dll
0x00007fffcc410000 - 0x00007fffcc41b000 	C:\Program Files\Java\jdk-11.0.13\bin\management_ext.dll
0x00007fffb3c20000 - 0x00007fffb3c37000 	C:\WINDOWS\system32\napinsp.dll
0x00007fffb3c00000 - 0x00007fffb3c1b000 	C:\WINDOWS\system32\pnrpnsp.dll
0x00007fffd2880000 - 0x00007fffd2968000 	C:\WINDOWS\SYSTEM32\DNSAPI.dll
0x00007fffd2800000 - 0x00007fffd282d000 	C:\WINDOWS\SYSTEM32\IPHLPAPI.DLL
0x00007fffd54c0000 - 0x00007fffd54c9000 	C:\WINDOWS\System32\NSI.dll
0x00007fffb3be0000 - 0x00007fffb3bf2000 	C:\WINDOWS\System32\winrnr.dll
0x00007fffb3bc0000 - 0x00007fffb3bd5000 	C:\WINDOWS\system32\wshbth.dll
0x00007fffb3ba0000 - 0x00007fffb3bbf000 	C:\WINDOWS\system32\nlansp_c.dll
0x00007fffcf490000 - 0x00007fffcf49a000 	C:\Windows\System32\rasadhlp.dll
0x00007fffceb90000 - 0x00007fffcec11000 	C:\WINDOWS\System32\fwpuclnt.dll
0x00007fffd3310000 - 0x00007fffd3328000 	C:\WINDOWS\SYSTEM32\CRYPTSP.dll
0x00007fffd2bf0000 - 0x00007fffd2c25000 	C:\WINDOWS\system32\rsaenh.dll
0x00007fffd31b0000 - 0x00007fffd31d9000 	C:\WINDOWS\SYSTEM32\USERENV.dll
0x00007fffd3480000 - 0x00007fffd34a7000 	C:\WINDOWS\SYSTEM32\bcrypt.dll
0x00007fffd3300000 - 0x00007fffd330c000 	C:\WINDOWS\SYSTEM32\CRYPTBASE.dll
0x00007fffcf750000 - 0x00007fffcf769000 	C:\WINDOWS\SYSTEM32\dhcpcsvc6.DLL
0x00007fffcf8c0000 - 0x00007fffcf8de000 	C:\WINDOWS\SYSTEM32\dhcpcsvc.DLL
0x00007fffb47d0000 - 0x00007fffb47dd000 	C:\Program Files\Java\jdk-11.0.13\bin\sunmscapi.dll
0x00007fffd4170000 - 0x00007fffd42d2000 	C:\WINDOWS\System32\CRYPT32.dll
0x00007fffd3450000 - 0x00007fffd3478000 	C:\WINDOWS\SYSTEM32\ncrypt.dll
0x00007fffd3410000 - 0x00007fffd3447000 	C:\WINDOWS\SYSTEM32\NTASN1.dll
0x00007fffb4710000 - 0x00007fffb4735000 	C:\Program Files\Java\jdk-11.0.13\bin\sunec.dll

dbghelp: loaded successfully - version: 4.0.5 - missing functions: none
symbol engine: initialized successfully - sym options: 0x614 - pdb path: .;C:\Program Files\Java\jdk-11.0.13\bin;C:\WINDOWS\SYSTEM32;C:\WINDOWS\WinSxS\amd64_microsoft.windows.common-controls_6595b64144ccf1df_6.0.22000.120_none_9d947278b86cc467;C:\Program Files\Java\jdk-11.0.13\bin\server

VM Arguments:
jvm_args: -Dfile.encoding=UTF-8 
java_command: br.com.rd.ved.VedApplication
java_class_path (initial): C:\Users\guinh\OneDrive\Documentos\P.I ved\AppBackend\ved\target\classes;C:\Users\guinh\.m2\repository\org\springframework\boot\spring-boot-starter-data-jpa\2.6.6\spring-boot-starter-data-jpa-2.6.6.jar;C:\Users\guinh\.m2\repository\org\springframework\boot\spring-boot-starter-aop\2.6.6\spring-boot-starter-aop-2.6.6.jar;C:\Users\guinh\.m2\repository\org\springframework\spring-aop\5.3.18\spring-aop-5.3.18.jar;C:\Users\guinh\.m2\repository\org\aspectj\aspectjweaver\1.9.7\aspectjweaver-1.9.7.jar;C:\Users\guinh\.m2\repository\org\springframework\boot\spring-boot-starter-jdbc\2.6.6\spring-boot-starter-jdbc-2.6.6.jar;C:\Users\guinh\.m2\repository\com\zaxxer\HikariCP\4.0.3\HikariCP-4.0.3.jar;C:\Users\guinh\.m2\repository\org\springframework\spring-jdbc\5.3.18\spring-jdbc-5.3.18.jar;C:\Users\guinh\.m2\repository\jakarta\transaction\jakarta.transaction-api\1.3.3\jakarta.transaction-api-1.3.3.jar;C:\Users\guinh\.m2\repository\jakarta\persistence\jakarta.persistence-api\2.2.3\jakarta.persistence-api-2.2.3.jar;C:\Users\guinh\.m2\repository\org\hibernate\hibernate-core\5.6.7.Final\hibernate-core-5.6.7.Final.jar;C:\Users\guinh\.m2\repository\org\jboss\logging\jboss-logging\3.4.3.Final\jboss-logging-3.4.3.Final.jar;C:\Users\guinh\.m2\repository\net\bytebuddy\byte-buddy\1.11.22\byte-buddy-1.11.22.jar;C:\Users\guinh\.m2\repository\antlr\antlr\2.7.7\antlr-2.7.7.jar;C:\Users\guinh\.m2\repository\org\jboss\jandex\2.4.2.Final\jandex-2.4.2.Final.jar;C:\Users\guinh\.m2\repository\com\fasterxml\classmate\1.5.1\classmate-1.5.1.jar;C:\Users\guinh\.m2\repository\org\hibernate\common\hibernate-commons-annotations\5.1.2.Final\hibernate-commons-annotations-5.1.2.Final.jar;C:\Users\guinh\.m2\repository\org\glassfish\jaxb\jaxb-runtime\2.3.6\jaxb-runtime-2.3.6.jar;C:\Users\guinh\.m2\repository\org\glassfish\jaxb\txw2\2.3.6\txw2-2.3.6.jar;C:\Users\guinh\.m2\repository\com\sun\istack\istack-commons-runtime\3.0.12\istack-commons-runtime-3.0.12.jar;C:\Users\guinh\.m2\reposit
Launcher Type: SUN_STANDARD

[Global flags]
     intx CICompilerCount                          = 4                                         {product} {ergonomic}
     uint ConcGCThreads                            = 3                                         {product} {ergonomic}
     uint G1ConcRefinementThreads                  = 10                                        {product} {ergonomic}
   size_t G1HeapRegionSize                         = 1048576                                   {product} {ergonomic}
    uintx GCDrainStackTargetSize                   = 64                                        {product} {ergonomic}
   size_t InitialHeapSize                          = 132120576                                 {product} {ergonomic}
   size_t MarkStackSize                            = 4194304                                   {product} {ergonomic}
   size_t MaxHeapSize                              = 2088763392                                {product} {ergonomic}
   size_t MaxNewSize                               = 1253048320                                {product} {ergonomic}
   size_t MinHeapDeltaBytes                        = 1048576                                   {product} {ergonomic}
    uintx NonNMethodCodeHeapSize                   = 5836300                                {pd product} {ergonomic}
    uintx NonProfiledCodeHeapSize                  = 122910970                              {pd product} {ergonomic}
    uintx ProfiledCodeHeapSize                     = 122910970                              {pd product} {ergonomic}
    uintx ReservedCodeCacheSize                    = 251658240                              {pd product} {ergonomic}
     bool SegmentedCodeCache                       = true                                      {product} {ergonomic}
     bool UseCompressedClassPointers               = true                                 {lp64_product} {ergonomic}
     bool UseCompressedOops                        = true                                 {lp64_product} {ergonomic}
     bool UseG1GC                                  = true                                      {product} {ergonomic}
     bool UseLargePagesIndividualAllocation        = false                                  {pd product} {ergonomic}

Logging:
Log output configuration:
 #0: stdout all=warning uptime,level,tags
 #1: stderr all=off uptime,level,tags

Environment Variables:
PATH=C:\Program Files\Common Files\Oracle\Java\javapath;C:\Python310\Scripts\;C:\Python310\;C:\WINDOWS\system32;C:\WINDOWS;C:\WINDOWS\System32\Wbem;C:\WINDOWS\System32\WindowsPowerShell\v1.0\;C:\WINDOWS\System32\OpenSSH\;C:\Program Files\nodejs\;C:\ProgramData\chocolatey\bin;C:\Program Files\Git\cmd;C:\Users\guinh\AppData\Local\Microsoft\WindowsApps;;C:\Users\guinh\AppData\Local\Programs\Microsoft VS Code\bin;C:\Users\guinh\AppData\Roaming\npm
USERNAME=guinh
OS=Windows_NT
PROCESSOR_IDENTIFIER=Intel64 Family 6 Model 165 Stepping 2, GenuineIntel



---------------  S Y S T E M  ---------------

OS: Windows 10 , 64 bit Build 22000 (10.0.22000.675)

CPU:total 12 (initial active 12) (6 cores per cpu, 2 threads per core) family 6 model 165 stepping 2 microcode 0xf0, cmov, cx8, fxsr, mmx, sse, sse2, sse3, ssse3, sse4.1, sse4.2, popcnt, avx, avx2, aes, clmul, erms, 3dnowpref, lzcnt, ht, tsc, tscinvbit, bmi1, bmi2, adx, fma

Memory: 4k page, system-wide physical 7967M (373M free)
TotalPageFile size 32543M (AvailPageFile size 5M)
current process WorkingSet (physical memory assigned to process): 389M, peak: 398M
current process commit charge ("private bytes"): 454M, peak: 465M

vm_info: Java HotSpot(TM) 64-Bit Server VM (11.0.13+10-LTS-370) for windows-amd64 JRE (11.0.13+10-LTS-370), built on Sep 15 2021 22:10:36 by "mach5one" with MS VC++ 15.9 (VS2017)

END.
